<?xml version="1.0" encoding="UTF-8"?>
<coverage generated="1537423043144" clover="3.2.0">
  <project timestamp="1537423043145" name="All files">
    <metrics statements="7" coveredstatements="5" conditionals="4" coveredconditionals="2" methods="1" coveredmethods="1" elements="12" coveredelements="8" complexity="0" loc="7" ncloc="7" packages="2" files="2" classes="2">
      <package name="actions">
        <metrics statements="2" coveredstatements="2" conditionals="0" coveredconditionals="0" methods="0" coveredmethods="0"/>
        <file name="types.js" path="/Users/ricpumanes/Documents/dev/office/research/react-webpack-boilerplate/src/login/actions/types.js">
          <metrics statements="2" coveredstatements="2" conditionals="0" coveredconditionals="0" methods="0" coveredmethods="0"/>
          <line num="1" count="1" type="stmt"/>
          <line num="2" count="1" type="stmt"/>
        </file>
      </package>
      <package name="reducers">
        <metrics statements="5" coveredstatements="3" conditionals="4" coveredconditionals="2" methods="1" coveredmethods="1"/>
        <file name="index.js" path="/Users/ricpumanes/Documents/dev/office/research/react-webpack-boilerplate/src/login/reducers/index.js">
          <metrics statements="5" coveredstatements="3" conditionals="4" coveredconditionals="2" methods="1" coveredmethods="1"/>
          <line num="3" count="1" type="stmt"/>
          <line num="11" count="1" type="cond" truecount="1" falsecount="2"/>
          <line num="13" count="0" type="stmt"/>
          <line num="15" count="0" type="stmt"/>
          <line num="17" count="1" type="stmt"/>
        </file>
      </package>
    </metrics>
  </project>
</coverage>
