{"/Users/ricpumanes/Documents/dev/office/research/react-webpack-boilerplate/src/login/actions/types.js": {"path":"/Users/ricpumanes/Documents/dev/office/research/react-webpack-boilerplate/src/login/actions/types.js","statementMap":{"0":{"start":{"line":1,"column":19},"end":{"line":1,"column":24}},"1":{"start":{"line":2,"column":19},"end":{"line":2,"column":24}}},"fnMap":{},"branchMap":{},"s":{"0":1,"1":1},"f":{},"b":{},"_coverageSchema":"332fd63041d2c1bcb487cc26dd0d5f7d97098a6c","hash":"d4013b7e6cd301abc8c9802896676c6d146b29e1"}
,"/Users/ricpumanes/Documents/dev/office/research/react-webpack-boilerplate/src/login/reducers/index.js": {"path":"/Users/ricpumanes/Documents/dev/office/research/react-webpack-boilerplate/src/login/reducers/index.js","statementMap":{"0":{"start":{"line":3,"column":22},"end":{"line":5,"column":1}},"1":{"start":{"line":11,"column":2},"end":{"line":18,"column":3}},"2":{"start":{"line":13,"column":6},"end":{"line":13,"column":35}},"3":{"start":{"line":15,"column":6},"end":{"line":15,"column":35}},"4":{"start":{"line":17,"column":6},"end":{"line":17,"column":26}}},"fnMap":{"0":{"name":"(anonymous_0)","decl":{"start":{"line":7,"column":15},"end":{"line":7,"column":16}},"loc":{"start":{"line":10,"column":6},"end":{"line":19,"column":1}},"line":10}},"branchMap":{"0":{"loc":{"start":{"line":7,"column":16},"end":{"line":7,"column":37}},"type":"default-arg","locations":[{"start":{"line":7,"column":24},"end":{"line":7,"column":37}}],"line":7},"1":{"loc":{"start":{"line":11,"column":2},"end":{"line":18,"column":3}},"type":"switch","locations":[{"start":{"line":12,"column":4},"end":{"line":13,"column":35}},{"start":{"line":14,"column":4},"end":{"line":15,"column":35}},{"start":{"line":16,"column":4},"end":{"line":17,"column":26}}],"line":11}},"s":{"0":1,"1":1,"2":0,"3":0,"4":1},"f":{"0":1},"b":{"0":[1],"1":[0,0,1]},"_coverageSchema":"332fd63041d2c1bcb487cc26dd0d5f7d97098a6c","hash":"c879705d24e707ff3183e6bc91249d5163ec47c0"}
}
